<?xml version="1.0" encoding="UTF-8"?>
<!-- Generated by org.testng.reporters.JUnitReportReporter -->
<testsuite skipped="0" hostname="P4A-508SD4L" name="org.Example.PNC1.Login" tests="3" failures="0" timestamp="02 Aug 2018 10:04:55 GMT" time="97.057" errors="0">
  <testcase name="login" time="19.476" classname="org.Example.PNC1.Login"/>
  <testcase name="login" time="77.579" classname="org.Example.PNC1.Login"/>
  <testcase name="flight_booking" time="0.002" classname="org.Example.PNC1.Login"/>
</testsuite> <!-- org.Example.PNC1.Login -->
